make all --print-data-base --no-builtin-variables --no-builtin-rules --question
# make[1]: Entering directory '/home/wissam/Documents/projetNachos/code/threads'
 
# GNU Make 4.2.1
# Built for x86_64-pc-linux-gnu
# Copyright (C) 1988-2016 Free Software Foundation, Inc.
# License GPLv3+: GNU GPL version 3 or later <http://gnu.org/licenses/gpl.html>
# This is free software: you are free to change and redistribute it.
# There is NO WARRANTY, to the extent permitted by law.
 

# Make data base, printed on Fri Oct 15 14:20:42 2021

# Variables

# 'override' directive
GNUMAKEFLAGS := 
# automatic
<D = $(patsubst %/,%,$(dir $<))
# automatic
?F = $(notdir $?)
# environment
DESKTOP_SESSION = ubuntu
# default
.SHELLFLAGS := -c
# environment
XDG_SESSION_CLASS = user
# environment
SNAP_COMMON = /var/snap/code/common
# environment
XDG_SESSION_TYPE = x11
# environment
VSCODE_LOG_NATIVE = false
# makefile (from '../Makefile.dep', line 11)
NACHOS_SYS := LINUX_SYS
# automatic
?D = $(patsubst %/,%,$(dir $?))
# environment
IM_CONFIG_PHASE = 1
# environment
PLATFORMIO_IDE = 2.3.3
# automatic
@D = $(patsubst %/,%,$(dir $@))
# environment
XAUTHORITY = /run/user/1000/gdm/Xauthority
# environment
GDMSESSION = ubuntu
# environment
XMODIFIERS = @im=ibus
# makefile (from '../Makefile.common', line 29)
THREAD_O := main.o list.o scheduler.o synch.o synchlist.o system.o thread.o utility.o threadtest.o interrupt.o stats.o sysdep.o timer.o
# makefile
CURDIR := /home/wissam/Documents/projetNachos/code/threads
# makefile
SHELL = /bin/sh
# environment
SNAP_DATA = /var/snap/code/77
# makefile (from '../Makefile.common', line 36)
VM_O := 
# environment
VSCODE_NLS_CONFIG = {"locale":"fr","availableLanguages":{"*":"fr"},"_languagePackId":"726f0529a8f06dbc748431c91e26ad5e.fr","_translationsConfigFile":"/home/wissam/.config/Code/clp/726f0529a8f06dbc748431c91e26ad5e.fr/tcf.json","_cacheRoot":"/home/wissam/.config/Code/clp/726f0529a8f06dbc748431c91e26ad5e.fr","_resolvedLanguagePackCoreLocation":"/home/wissam/.config/Code/clp/726f0529a8f06dbc748431c91e26ad5e.fr/c13f1abb110fc756f9b3a6f16670df9cd9d4cf63","_corruptedFile":"/home/wissam/.config/Code/clp/726f0529a8f06dbc748431c91e26ad5e.fr/corrupted.info","_languagePackSupport":true}
# environment
JOURNAL_STREAM = 8:47463
# makefile (from '../Makefile.dep', line 40)
CFLAGS = -g -Wall -Wextra -Wshadow $(INCPATH) $(DEFINES) $(HOST) -DCHANGED  -fsanitize=undefined
# environment
XDG_CONFIG_DIRS = /etc/xdg/xdg-ubuntu:/etc/xdg
# makefile (from '../Makefile.common', line 70)
S_DFILES := .switch.d
# environment
SNAP_INSTANCE_NAME = code
# environment
SNAP_ARCH = amd64
# makefile (from '../Makefile.dep', line 1)
MAKEFILE_LIST :=  Makefile ../Makefile.common .main.d .list.d .scheduler.d .synch.d .synchlist.d .system.d .thread.d .utility.d .threadtest.d .interrupt.d .stats.d .sysdep.d .timer.d .switch.d ../Makefile.dep
# automatic
@F = $(notdir $@)
# makefile (from '../Makefile.common', line 64)
OFILES := main.o list.o scheduler.o synch.o synchlist.o system.o thread.o utility.o threadtest.o interrupt.o stats.o sysdep.o timer.o switch.o
# environment
GIO_LAUNCHED_DESKTOP_FILE = /var/lib/snapd/desktop/applications/code_code.desktop
# environment
QT_IM_MODULE = ibus
# environment
USERNAME = wissam
# environment
XDG_DATA_DIRS = /usr/share/ubuntu:/home/wissam/.local/share/flatpak/exports/share:/var/lib/flatpak/exports/share:/usr/local/share/:/usr/share/:/var/lib/snapd/desktop
# environment
DBUS_SESSION_BUS_ADDRESS = unix:path=/run/user/1000/bus
# environment
VSCODE_VERBOSE_LOGGING = true
# makefile (from '../Makefile.common', line 56)
AS = gcc -c
# environment
_ = /snap/code/77/usr/share/code/code
# makefile (from '../Makefile.common', line 38)
FILESYS_O := directory.o filehdr.o filesys.o fstest.o openfile.o synchdisk.o disk.o
# makefile (from '../Makefile.dep', line 13)
NACHOS_VALGRIND := -DHAVE_VALGRIND
# environment
MANAGERPID = 1334
# environment
LESSOPEN = | /usr/bin/lesspipe %s
# makefile (from '../Makefile.common', line 53)
CPP = gcc -E -P
# environment
VSCODE_CWD = /home/wissam
# environment
GSETTINGS_SCHEMA_DIR = /snap/code/77/usr/share/glib-2.0/schemas
# default
MAKE_HOST := x86_64-pc-linux-gnu
# environment
NO_PROXY = 127.0.0.1
# makefile (from '../Makefile.common', line 71)
DFILES := .main.d .list.d .scheduler.d .synch.d .synchlist.d .system.d .thread.d .utility.d .threadtest.d .interrupt.d .stats.d .sysdep.d .timer.d .switch.d
# makefile (from '../Makefile.common', line 55)
LD = g++
# environment
GPG_AGENT_INFO = /run/user/1000/gnupg/S.gpg-agent:0:1
# environment
SESSION_MANAGER = local/wissam-VivoBook-ASUSLaptop-X512FAC-X512FA:@/tmp/.ICE-unix/1573,unix/wissam-VivoBook-ASUSLaptop-X512FAC-X512FA:/tmp/.ICE-unix/1573
# environment
XDG_RUNTIME_DIR = /run/user/1000
# environment
GDK_PIXBUF_MODULE_FILE = /home/wissam/snap/code/common/.cache/gdk-pixbuf-loaders.cache
# environment
SNAP = /snap/code/77
# environment
SNAP_VERSION = c13f1abb
# environment
XDG_MENU_PREFIX = gnome-
# environment
VSCODE_LOG_STACK = false
# environment
DISABLE_WAYLAND = 1
# environment
VSCODE_CRASH_REPORTER_START_OPTIONS = {"companyName":"Microsoft","productName":"VSCode","submitURL":"appcenter://code?aid=fba07a4d-84bd-4fc8-a125-9640fc8ce171&uid=f0bfaa38-c1a6-4dca-9363-94313c87cba5&iid=f0bfaa38-c1a6-4dca-9363-94313c87cba5&sid=f0bfaa38-c1a6-4dca-9363-94313c87cba5","uploadToServer":true}
# environment
INVOCATION_ID = f054229f060a4263aa8db70cb569e163
# makefile (from '../Makefile.dep', line 41)
LDFLAGS = -g -fsanitize=undefined
# environment
GDK_PIXBUF_MODULEDIR = /snap/code/77/usr/lib/x86_64-linux-gnu/gdk-pixbuf-2.0/2.10.0/loaders
# default
.FEATURES := target-specific order-only second-expansion else-if shortest-stem undefine oneshell archives jobserver output-sync check-symlink load
# environment
LS_COLORS = 
# environment
XDG_SESSION_DESKTOP = ubuntu
# environment
SSH_AUTH_SOCK = /run/user/1000/keyring/ssh
# environment
GIO_LAUNCHED_DESKTOP_FILE_PID = 100675
# automatic
%F = $(notdir $%)
# environment
DISPLAY = :0
# makefile (from '../Makefile.common', line 45)
S_OFILES := switch.o
# makefile (from '../Makefile.common', line 41)
NETWORK_O := nettest.o post.o network.o
# environment
VSCODE_PIPE_LOGGING = true
# environment
SNAP_INSTANCE_KEY = 
# environment
PWD = /home/wissam/Documents/projetNachos/code
# default
.LOADED := 
# environment
SSH_AGENT_PID = 1530
# environment
ORIGINAL_XDG_CURRENT_DESKTOP = ubuntu:GNOME
# environment
GTK_MODULES = gail:atk-bridge
# environment
VSCODE_AMD_ENTRYPOINT = vs/workbench/services/extensions/node/extensionHostProcess
# environment
HOME = /home/wissam
# environment
LESSCLOSE = /usr/bin/lesspipe %s %s
# environment
VSCODE_CLI = 1
# makefile (from 'Makefile', line 10)
DEFINES = -DTHREADS
# environment
VSCODE_CODE_CACHE_PATH = /home/wissam/.config/Code/CachedData/c13f1abb110fc756f9b3a6f16670df9cd9d4cf63
# environment
LOGNAME = wissam
# environment
APPLICATION_INSIGHTS_NO_DIAGNOSTIC_CHANNEL = true
# environment
SNAP_LIBRARY_PATH = /var/lib/snapd/lib/gl:/var/lib/snapd/lib/gl32:/var/lib/snapd/void
# environment
SNAP_CONTEXT = qzrpTfTg-7wJinGajkLNYECfXx3VQ7nPu7NEIpgfCbsk0gNzlKGa
# environment
ELECTRON_NO_ATTACH_CONSOLE = 1
# environment
SNAP_USER_COMMON = /home/wissam/snap/code/common
# environment
VSCODE_HANDLES_UNCAUGHT_ERRORS = true
# environment
GNOME_DESKTOP_SESSION_ID = this-is-deprecated
# automatic
^D = $(patsubst %/,%,$(dir $^))
# environment
MAKELEVEL := 1
# environment
SNAP_REAL_HOME = /home/wissam
# environment
PLATFORMIO_PATH = /home/wissam/.platformio/penv/bin:/home/wissam/.platformio/penv:/home/wissam/.platformio/python3/bin:/home/wissam/.local/bin:/home/wissam/.local/bin:/usr/local/sbin:/usr/local/bin:/usr/sbin:/usr/bin:/sbin:/bin:/usr/games:/usr/local/games:/snap/bin
# default
MAKE = $(MAKE_COMMAND)
# default
MAKECMDGOALS := nachos
# environment
PATH = /home/wissam/.local/bin:/home/wissam/.local/bin:/usr/local/sbin:/usr/local/bin:/usr/sbin:/usr/bin:/sbin:/bin:/usr/games:/usr/local/games:/snap/bin
# environment
SNAP_USER_DATA = /home/wissam/snap/code/77
# environment
SHLVL = 0
# makefile (from '../Makefile.common', line 54)
CC = g++
# environment
GNOME_SHELL_SESSION_MODE = ubuntu
# environment
VSCODE_IPC_HOOK_EXTHOST = /run/user/1000/vscode-ipc-5374298f-99cd-4407-bb73-e3071cb685b0.sock
# makefile (from '../Makefile.common', line 49)
ASFLAGS = -g
# default
MAKE_VERSION := 4.2.1
# environment
USER = wissam
# environment
SNAP_REVISION = 77
# makefile
.DEFAULT_GOAL := default
# environment
XDG_CURRENT_DESKTOP = Unity
# automatic
%D = $(patsubst %/,%,$(dir $%))
# default
MAKE_COMMAND := make
# default
.VARIABLES := 
# automatic
*F = $(notdir $*)
# environment
VSCODE_IPC_HOOK = /run/user/1000/vscode-8b6dde90-1.61.1-main.sock
# makefile (from '../Makefile.common', line 58)
PROGRAM := nachos
# environment
BAMF_DESKTOP_FILE_HINT = /var/lib/snapd/desktop/applications/code_code.desktop
# makefile (from '../Makefile.dep', line 10)
NACHOS_ROOT = ../../
# makefile
MAKEFLAGS = pqrRw
# environment
MFLAGS = -pqrRw
# automatic
*D = $(patsubst %/,%,$(dir $*))
# environment
BREAKPAD_DUMP_LOCATION = /home/wissam/.config/Code/exthost Crash Reports
# makefile (from '../Makefile.common', line 69)
C_DFILES := .main.d .list.d .scheduler.d .synch.d .synchlist.d .system.d .thread.d .utility.d .threadtest.d .interrupt.d .stats.d .sysdep.d .timer.d
# automatic
+D = $(patsubst %/,%,$(dir $+))
# environment
GDK_BACKEND = x11
# automatic
+F = $(notdir $+)
# environment
QT_ACCESSIBILITY = 1
# 'override' directive
.SHELLSTATUS := 0
# makefile (from '../Makefile.common', line 60)
MAKEFILES := Makefile ../Makefile.common ../Makefile.dep
# environment
SNAP_COOKIE = qzrpTfTg-7wJinGajkLNYECfXx3VQ7nPu7NEIpgfCbsk0gNzlKGa
# automatic
<F = $(notdir $<)
# environment
PLATFORMIO_CALLER = vscode
# environment
ELECTRON_RUN_AS_NODE = 1
# environment
SNAP_NAME = code
# environment
LC_ALL = C
# makefile (from '../Makefile.common', line 33)
USERPROG_O := addrspace.o bitmap.o exception.o progtest.o console.o machine.o mipssim.o translate.o consoledriver.o
# environment
GJS_DEBUG_TOPICS = JS ERROR;JS LOG
# automatic
^F = $(notdir $^)
# default
SUFFIXES := 
# environment
SNAP_REEXEC = 
# environment
CHROME_DESKTOP = code-url-handler.desktop
# makefile (from 'Makefile', line 11)
INCPATH = -I../threads -I../machine
# environment
WINDOWPATH = 2
# makefile (from '../Makefile.dep', line 12)
NACHOS_ARCH := X86_64_ARCH
# default
.INCLUDE_DIRS = /usr/include /usr/local/include /usr/include
# makefile (from 'Makefile', line 12)
C_OFILES = $(THREAD_O)
# environment
GJS_DEBUG_OUTPUT = stderr
# default
 
.RECIPEPREFIX := 
# environment
LANG = C
# environment
VSCODE_PID = 100722
# makefile (from '../Makefile.dep', line 39)
HOST = -DHOST_x86_64 $(NACHOS_VALGRIND) -DLINUX
# variable set hash-table stats:
# Load=153/1024=15%, Rehash=0, Collisions=32/273=12%

# Pattern-specific Variable Values

# No pattern-specific variable values.

# Directories

# ../machine (device 66309, inode 680214): No files, no impossibilities so far.
# ../vm (device 66309, inode 818277): No files, no impossibilities so far.
# . (device 66309, inode 818167): 52 files, no impossibilities.
# ../network (device 66309, inode 680238): No files, no impossibilities so far.
# ../threads (device 66309, inode 818167): 52 files, no impossibilities.
# ../userprog (device 66309, inode 818218): No files, no impossibilities so far.
# ../filesys (device 66309, inode 549858): No files, no impossibilities so far.
# .. (device 66309, inode 549836): No files, no impossibilities so far.

# 104 files, no impossibilities in 8 directories.

# Implicit Rules

# No implicit rules.

# Files

# Not a target:
../threads/system.h:
#  Implicit rule search has been done.
#  Last modified 2021-10-15 14:20:18.784572858
#  File has been updated.
#  Successfully updated.

.system.d: system.cc Makefile ../Makefile.common ../Makefile.dep system.cc copyright.h system.h utility.h ../threads/bool.h ../machine/sysdep.h ../threads/copyright.h thread.h list.h scheduler.h ../machine/interrupt.h ../threads/list.h ../machine/stats.h ../machine/timer.h ../threads/utility.h ../machine/consoledriver.h ../machine/console.h
#  Implicit rule search has not been done.
#  Implicit/static pattern stem: 'system'
#  Last modified 2021-10-15 14:20:39.904745861
#  File has been updated.
#  Successfully updated.
#  recipe to execute (from '../Makefile.common', line 127):
	$(CC) $(CFLAGS) -MM $< | \
		sed -e 's|\(.*\)\.o:|.\1.d \1.o:|g' > $@

# Not a target:
utility.h:
#  Implicit rule search has been done.
#  Last modified 2021-10-05 19:36:21.63907438
#  File has been updated.
#  Successfully updated.

# Not a target:
system.cc:
#  Implicit rule search has been done.
#  Last modified 2021-10-05 19:36:21.63907438
#  File has been updated.
#  Successfully updated.

.PHONY: default depend clean distclean
#  Implicit rule search has not been done.
#  Modification time never checked.
#  File has not been updated.

# Not a target:
../threads/switch.S:
#  Implicit rule search has not been done.
#  Modification time never checked.
#  File has not been updated.

# Not a target:
../machine/stats.cc:
#  Implicit rule search has been done.
#  Last modified 2021-10-05 19:36:21.631074297
#  File has been updated.
#  Successfully updated.

distclean: clean
#  Phony target (prerequisite of .PHONY).
 
#  Implicit rule search has not been done.
#  File does not exist.
#  File has not been updated.
#  recipe to execute (from '../Makefile.common', line 145):
	rm -f *\~ \#*\#

# Not a target:
../threads/thread.h:
#  Implicit rule search has been done.
 
#  Last modified 2021-10-05 19:36:21.63907438
#  File has been updated.
#  Successfully updated.

.thread.d: thread.cc Makefile ../Makefile.common ../Makefile.dep thread.cc copyright.h thread.h utility.h ../threads/bool.h ../machine/sysdep.h ../threads/copyright.h list.h switch.h synch.h system.h scheduler.h ../machine/interrupt.h ../threads/list.h ../machine/stats.h ../machine/timer.h ../threads/utility.h ../machine/consoledriver.h ../machine/console.h ../machine/valgrind.h
#  Implicit rule search has not been done.
#  Implicit/static pattern stem: 'thread'
#  Last modified 2021-10-15 14:20:39.880745664
#  File has been updated.
#  Successfully updated.
#  recipe to execute (from '../Makefile.common', line 127):
	$(CC) $(CFLAGS) -MM $< | \
		sed -e 's|\(.*\)\.o:|.\1.d \1.o:|g' > $@

synch.o: synch.cc Makefile ../Makefile.common ../Makefile.dep synch.cc copyright.h synch.h thread.h utility.h ../threads/bool.h ../machine/sysdep.h ../threads/copyright.h list.h system.h scheduler.h ../machine/interrupt.h ../threads/list.h ../machine/stats.h ../machine/timer.h ../threads/utility.h ../machine/consoledriver.h ../machine/console.h
#  Implicit rule search has not been done.
#  Implicit/static pattern stem: 'synch'
#  Modification time never checked.
#  File has not been updated.
#  recipe to execute (from '../Makefile.common', line 109):
	$(CC) $(CFLAGS) -c $< -o $@

# Not a target:
list.h:
#  Implicit rule search has been done.
#  Last modified 2021-10-05 19:36:21.635074339
#  File has been updated.
#  Successfully updated.

# Not a target:
../machine/sysdep.cc:
#  Implicit rule search has been done.
#  Last modified 2021-10-05 19:36:21.631074297
#  File has been updated.
#  Successfully updated.

# Not a target:
../Makefile.dep:
#  Implicit rule search has been done.
#  Last modified 2021-10-06 18:14:10.818646859
#  File has been updated.
#  Successfully updated.

# Not a target:
../threads/copyright.h:
#  Implicit rule search has been done.
#  Last modified 2021-10-05 19:36:21.635074339
#  File has been updated.
#  Successfully updated.

# Not a target:
Makefile:
#  Implicit rule search has been done.
#  Last modified 2021-10-05 19:36:21.635074339
#  File has been updated.
#  Successfully updated.

# Not a target:
thread.h:
#  Implicit rule search has been done.
#  Last modified 2021-10-05 19:36:21.63907438
#  File has been updated.
#  Successfully updated.

.synch.d: synch.cc Makefile ../Makefile.common ../Makefile.dep synch.cc copyright.h synch.h thread.h utility.h ../threads/bool.h ../machine/sysdep.h ../threads/copyright.h list.h system.h scheduler.h ../machine/interrupt.h ../threads/list.h ../machine/stats.h ../machine/timer.h ../threads/utility.h ../machine/consoledriver.h ../machine/console.h
#  Implicit rule search has not been done.
#  Implicit/static pattern stem: 'synch'
#  Last modified 2021-10-15 14:20:40.016746778
#  File has been updated.
#  Successfully updated.
#  recipe to execute (from '../Makefile.common', line 127):
	$(CC) $(CFLAGS) -MM $< | \
		sed -e 's|\(.*\)\.o:|.\1.d \1.o:|g' > $@

# Not a target:
../machine/timer.h:
#  Implicit rule search has been done.
#  Last modified 2021-10-05 19:36:21.631074297
#  File has been updated.
#  Successfully updated.

# Not a target:
synchlist.h:
#  Implicit rule search has been done.
#  Last modified 2021-10-05 19:36:21.63907438
#  File has been updated.
#  Successfully updated.

.timer.d: ../machine/timer.cc Makefile ../Makefile.common ../Makefile.dep ../machine/timer.cc ../threads/copyright.h ../machine/timer.h ../threads/utility.h ../threads/copyright.h ../threads/bool.h ../machine/sysdep.h ../threads/system.h ../threads/utility.h ../threads/thread.h ../threads/list.h ../threads/scheduler.h ../machine/interrupt.h ../threads/list.h ../machine/stats.h ../machine/timer.h ../machine/consoledriver.h ../machine/console.h
#  Implicit rule search has not been done.
#  Implicit/static pattern stem: 'timer'
#  Last modified 2021-10-15 14:20:39.692744124
#  File has been updated.
#  Successfully updated.
#  recipe to execute (from '../Makefile.common', line 127):
	$(CC) $(CFLAGS) -MM $< | \
		sed -e 's|\(.*\)\.o:|.\1.d \1.o:|g' > $@

# Not a target:
synch.cc:
#  Implicit rule search has been done.
#  Last modified 2021-10-05 19:36:21.635074339
#  File has been updated.
#  Successfully updated.

.switch.d: switch.S Makefile ../Makefile.common ../Makefile.dep switch.S copyright.h switch.h
#  Implicit rule search has not been done.
#  Implicit/static pattern stem: 'switch'
#  Last modified 2021-10-15 14:20:39.624743567
#  File has been updated.
#  Successfully updated.
#  recipe to execute (from '../Makefile.common', line 131):
	$(CC) $(CFLAGS) -MM $< | \
		sed -e 's|\(.*\)\.o:|.\1.d \1.o:|g' > $@

# Not a target:
../machine/console.h:
#  Implicit rule search has been done.
#  Last modified 2021-10-05 19:36:21.631074297
#  File has been updated.
#  Successfully updated.

# Not a target:
../threads/list.h:
#  Implicit rule search has been done.
#  Last modified 2021-10-05 19:36:21.635074339
#  File has been updated.
#  Successfully updated.

.interrupt.d: ../machine/interrupt.cc Makefile ../Makefile.common ../Makefile.dep ../machine/interrupt.cc ../threads/copyright.h ../machine/interrupt.h ../threads/list.h ../threads/copyright.h ../threads/utility.h ../threads/bool.h ../machine/sysdep.h ../threads/system.h ../threads/thread.h ../threads/list.h ../threads/scheduler.h ../machine/interrupt.h ../machine/stats.h ../machine/timer.h ../threads/utility.h ../machine/consoledriver.h ../machine/console.h ../machine/sysdep.h
#  Implicit rule search has not been done.
#  Implicit/static pattern stem: 'interrupt'
#  Last modified 2021-10-15 14:20:39.796744976
#  File has been updated.
#  Successfully updated.
#  recipe to execute (from '../Makefile.common', line 127):
	$(CC) $(CFLAGS) -MM $< | \
		sed -e 's|\(.*\)\.o:|.\1.d \1.o:|g' > $@

.list.d: list.cc Makefile ../Makefile.common ../Makefile.dep list.cc copyright.h list.h utility.h ../threads/bool.h ../machine/sysdep.h ../threads/copyright.h
#  Implicit rule search has not been done.
#  Implicit/static pattern stem: 'list'
#  Last modified 2021-10-15 14:20:40.116747597
#  File has been updated.
#  Successfully updated.
#  recipe to execute (from '../Makefile.common', line 127):
	$(CC) $(CFLAGS) -MM $< | \
		sed -e 's|\(.*\)\.o:|.\1.d \1.o:|g' > $@

default: nachos
#  Phony target (prerequisite of .PHONY).
#  Implicit rule search has not been done.
#  File does not exist.
#  File has not been updated.

scheduler.o: scheduler.cc Makefile ../Makefile.common ../Makefile.dep scheduler.cc copyright.h scheduler.h list.h utility.h ../threads/bool.h ../machine/sysdep.h ../threads/copyright.h thread.h system.h ../machine/interrupt.h ../threads/list.h ../machine/stats.h ../machine/timer.h ../threads/utility.h ../machine/consoledriver.h ../machine/console.h
#  Implicit rule search has not been done.
#  Implicit/static pattern stem: 'scheduler'
#  Modification time never checked.
#  File has not been updated.
#  recipe to execute (from '../Makefile.common', line 109):
	$(CC) $(CFLAGS) -c $< -o $@
 

# Not a target:
../machine/interrupt.cc:
#  Implicit rule search has been done.
#  Last modified 2021-10-05 19:36:21.631074297
#  File has been updated.
#  Successfully updated.

.main.d: main.cc Makefile ../Makefile.common ../Makefile.dep main.cc copyright.h utility.h ../threads/bool.h ../machine/sysdep.h ../threads/copyright.h system.h thread.h list.h scheduler.h ../machine/interrupt.h ../threads/list.h ../machine/stats.h ../machine/timer.h ../threads/utility.h ../machine/consoledriver.h ../machine/console.h
#  Implicit rule search has not been done.
#  Implicit/static pattern stem: 'main'
#  Last modified 2021-10-15 14:20:40.212748384
#  File has been updated.
#  Successfully updated.
#  recipe to execute (from '../Makefile.common', line 127):
	$(CC) $(CFLAGS) -MM $< | \
		sed -e 's|\(.*\)\.o:|.\1.d \1.o:|g' > $@

# Not a target:
../threads/scheduler.h:
#  Implicit rule search has been done.
#  Last modified 2021-10-05 19:36:21.635074339
#  File has been updated.
#  Successfully updated.

depend: .main.d .list.d .scheduler.d .synch.d .synchlist.d .system.d .thread.d .utility.d .threadtest.d .interrupt.d .stats.d .sysdep.d .timer.d .switch.d
#  Phony target (prerequisite of .PHONY).
#  Implicit rule search has not been done.
#  File does not exist.
#  File has not been updated.

.scheduler.d: scheduler.cc Makefile ../Makefile.common ../Makefile.dep scheduler.cc copyright.h scheduler.h list.h utility.h ../threads/bool.h ../machine/sysdep.h ../threads/copyright.h thread.h system.h ../machine/interrupt.h ../threads/list.h ../machine/stats.h ../machine/timer.h ../threads/utility.h ../machine/consoledriver.h ../machine/console.h
#  Implicit rule search has not been done.
#  Implicit/static pattern stem: 'scheduler'
#  Last modified 2021-10-15 14:20:40.068747205
#  File has been updated.
#  Successfully updated.
#  recipe to execute (from '../Makefile.common', line 127):
	$(CC) $(CFLAGS) -MM $< | \
		sed -e 's|\(.*\)\.o:|.\1.d \1.o:|g' > $@

# Not a target:
../machine/valgrind.h:
#  Implicit rule search has been done.
#  Last modified 2021-10-05 19:36:21.631074297
#  File has been updated.
#  Successfully updated.

stats.o: stats.cc Makefile ../Makefile.common ../Makefile.dep ../machine/stats.cc ../threads/copyright.h ../threads/utility.h ../threads/copyright.h ../threads/bool.h ../machine/sysdep.h ../machine/stats.h
#  Implicit rule search has not been done.
#  Implicit/static pattern stem: 'stats'
#  Modification time never checked.
#  File has not been updated.
#  recipe to execute (from '../Makefile.common', line 109):
	$(CC) $(CFLAGS) -c $< -o $@

threadtest.o: threadtest.cc Makefile ../Makefile.common ../Makefile.dep threadtest.cc copyright.h system.h utility.h ../threads/bool.h ../machine/sysdep.h ../threads/copyright.h thread.h list.h scheduler.h ../machine/interrupt.h ../threads/list.h ../machine/stats.h ../machine/timer.h ../threads/utility.h ../machine/consoledriver.h ../machine/console.h
#  Implicit rule search has not been done.
#  Implicit/static pattern stem: 'threadtest'
#  Modification time never checked.
#  File has not been updated.
#  recipe to execute (from '../Makefile.common', line 109):
	$(CC) $(CFLAGS) -c $< -o $@

# Not a target:
../machine/stats.h:
#  Implicit rule search has been done.
#  Last modified 2021-10-05 19:36:21.631074297
#  File has been updated.
#  Successfully updated.

sysdep.o: sysdep.cc Makefile ../Makefile.common ../Makefile.dep ../machine/sysdep.cc ../threads/copyright.h ../machine/interrupt.h ../threads/list.h ../threads/copyright.h ../threads/utility.h ../threads/bool.h ../machine/sysdep.h ../threads/system.h ../threads/thread.h ../threads/list.h ../threads/scheduler.h ../machine/interrupt.h ../machine/stats.h ../machine/timer.h ../threads/utility.h ../machine/consoledriver.h ../machine/console.h
#  Implicit rule search has not been done.
#  Implicit/static pattern stem: 'sysdep'
#  Modification time never checked.
#  File has not been updated.
#  recipe to execute (from '../Makefile.common', line 109):
	$(CC) $(CFLAGS) -c $< -o $@

utility.o: utility.cc Makefile ../Makefile.common ../Makefile.dep utility.cc copyright.h utility.h ../threads/bool.h ../machine/sysdep.h ../threads/copyright.h
#  Implicit rule search has not been done.
#  Implicit/static pattern stem: 'utility'
#  Modification time never checked.
#  File has not been updated.
#  recipe to execute (from '../Makefile.common', line 109):
	$(CC) $(CFLAGS) -c $< -o $@

# Not a target:
../machine/sysdep.h:
#  Implicit rule search has been done.
#  Last modified 2021-10-05 19:36:21.631074297
#  File has been updated.
#  Successfully updated.

# Not a target:
.DEFAULT:
#  Implicit rule search has not been done.
#  Modification time never checked.
#  File has not been updated.

# Not a target:
scheduler.cc:
#  Implicit rule search has been done.
#  Last modified 2021-10-05 19:36:21.635074339
 
#  File has been updated.
#  Successfully updated.

# Not a target:
switch.S:
#  Implicit rule search has been done.
#  Last modified 2021-10-05 19:36:21.635074339
#  File has been updated.
#  Successfully updated.

.stats.d: ../machine/stats.cc Makefile ../Makefile.common ../Makefile.dep ../machine/stats.cc ../threads/copyright.h ../threads/utility.h ../threads/copyright.h ../threads/bool.h ../machine/sysdep.h ../machine/stats.h
#  Implicit rule search has not been done.
#  Implicit/static pattern stem: 'stats'
#  Last modified 2021-10-15 14:20:39.764744714
#  File has been updated.
#  Successfully updated.
#  recipe to execute (from '../Makefile.common', line 127):
	$(CC) $(CFLAGS) -MM $< | \
		sed -e 's|\(.*\)\.o:|.\1.d \1.o:|g' > $@

.sysdep.d: ../machine/sysdep.cc Makefile ../Makefile.common ../Makefile.dep ../machine/sysdep.cc ../threads/copyright.h ../machine/interrupt.h ../threads/list.h ../threads/copyright.h ../threads/utility.h ../threads/bool.h ../machine/sysdep.h ../threads/system.h ../threads/thread.h ../threads/list.h ../threads/scheduler.h ../machine/interrupt.h ../machine/stats.h ../machine/timer.h ../threads/utility.h ../machine/consoledriver.h ../machine/console.h
#  Implicit rule search has not been done.
#  Implicit/static pattern stem: 'sysdep'
#  Last modified 2021-10-15 14:20:39.740744518
#  File has been updated.
#  Successfully updated.
#  recipe to execute (from '../Makefile.common', line 127):
	$(CC) $(CFLAGS) -MM $< | \
		sed -e 's|\(.*\)\.o:|.\1.d \1.o:|g' > $@

# Not a target:
../Makefile.common:
#  Implicit rule search has been done.
#  Last modified 2021-10-05 19:36:21.631074297
#  File has been updated.
#  Successfully updated.

clean:
#  Phony target (prerequisite of .PHONY).
#  Implicit rule search has not been done.
#  File does not exist.
#  File has not been updated.
#  recipe to execute (from '../Makefile.common', line 141):
	rm -f core nachos DISK *.o *.s .*.d coff2noff out disassemble

# Not a target:
copyright.h:
#  Implicit rule search has been done.
#  Last modified 2021-10-05 19:36:21.635074339
#  File has been updated.
#  Successfully updated.

# Not a target:
threadtest.cc:
#  Implicit rule search has been done.
#  Last modified 2021-10-05 19:36:21.63907438
#  File has been updated.
#  Successfully updated.

# Not a target:
utility.cc:
#  Implicit rule search has been done.
#  Last modified 2021-10-05 19:36:21.63907438
#  File has been updated.
#  Successfully updated.

nachos: main.o list.o scheduler.o synch.o synchlist.o system.o thread.o utility.o threadtest.o interrupt.o stats.o sysdep.o timer.o switch.o
#  Command line target.
#  Implicit rule search has not been done.
#  Last modified 2021-10-14 11:52:54.804741608
#  File has been updated.
#  Needs to be updated (-q is set).
# variable set hash-table stats:
# Load=0/32=0%, Rehash=0, Collisions=0/9=0%
#  recipe to execute (from '../Makefile.common', line 106):
	$(LD) $(OFILES) $(LDFLAGS) -o $(PROGRAM)

# Not a target:
synch.h:
#  Implicit rule search has been done.
#  Last modified 2021-10-05 19:36:21.635074339
#  File has been updated.
#  Successfully updated.

interrupt.o: interrupt.cc Makefile ../Makefile.common ../Makefile.dep ../machine/interrupt.cc ../threads/copyright.h ../machine/interrupt.h ../threads/list.h ../threads/copyright.h ../threads/utility.h ../threads/bool.h ../machine/sysdep.h ../threads/system.h ../threads/thread.h ../threads/list.h ../threads/scheduler.h ../machine/interrupt.h ../machine/stats.h ../machine/timer.h ../threads/utility.h ../machine/consoledriver.h ../machine/console.h ../machine/sysdep.h
#  Implicit rule search has not been done.
#  Implicit/static pattern stem: 'interrupt'
#  Modification time never checked.
#  File has not been updated.
#  recipe to execute (from '../Makefile.common', line 109):
	$(CC) $(CFLAGS) -c $< -o $@

.utility.d: utility.cc Makefile ../Makefile.common ../Makefile.dep utility.cc copyright.h utility.h ../threads/bool.h ../machine/sysdep.h ../threads/copyright.h
#  Implicit rule search has not been done.
#  Implicit/static pattern stem: 'utility'
#  Last modified 2021-10-15 14:20:39.852745435
#  File has been updated.
#  Successfully updated.
#  recipe to execute (from '../Makefile.common', line 127):
	$(CC) $(CFLAGS) -MM $< | \
		sed -e 's|\(.*\)\.o:|.\1.d \1.o:|g' > $@

list.o: list.cc Makefile ../Makefile.common ../Makefile.dep list.cc copyright.h list.h utility.h ../threads/bool.h ../machine/sysdep.h ../threads/copyright.h
#  Implicit rule search has not been done.
#  Implicit/static pattern stem: 'list'
#  Modification time never checked.
#  File has not been updated.
#  recipe to execute (from '../Makefile.common', line 109):
	$(CC) $(CFLAGS) -c $< -o $@

# Not a target:
../threads/utility.h:
#  Implicit rule search has been done.
 
#  Last modified 2021-10-05 19:36:21.63907438
#  File has been updated.
#  Successfully updated.

# Not a target:
switch.h:
#  Implicit rule search has been done.
#  Last modified 2021-10-05 19:36:21.635074339
#  File has been updated.
#  Successfully updated.

thread.o: thread.cc Makefile ../Makefile.common ../Makefile.dep thread.cc copyright.h thread.h utility.h ../threads/bool.h ../machine/sysdep.h ../threads/copyright.h list.h switch.h synch.h system.h scheduler.h ../machine/interrupt.h ../threads/list.h ../machine/stats.h ../machine/timer.h ../threads/utility.h ../machine/consoledriver.h ../machine/console.h ../machine/valgrind.h
#  Implicit rule search has not been done.
#  Implicit/static pattern stem: 'thread'
#  Modification time never checked.
#  File has not been updated.
#  recipe to execute (from '../Makefile.common', line 109):
	$(CC) $(CFLAGS) -c $< -o $@

main.o: main.cc Makefile ../Makefile.common ../Makefile.dep main.cc copyright.h utility.h ../threads/bool.h ../machine/sysdep.h ../threads/copyright.h system.h thread.h list.h scheduler.h ../machine/interrupt.h ../threads/list.h ../machine/stats.h ../machine/timer.h ../threads/utility.h ../machine/consoledriver.h ../machine/console.h
#  Implicit rule search has not been done.
#  Implicit/static pattern stem: 'main'
#  Last modified 2021-10-14 11:52:53.408725195
#  File has been updated.
#  Needs to be updated (-q is set).
# automatic
# @ := main.o
# automatic
# % := 
# automatic
# * := main
# automatic
# + := main.cc Makefile ../Makefile.common ../Makefile.dep main.cc copyright.h utility.h ../threads/bool.h ../machine/sysdep.h ../threads/copyright.h system.h thread.h list.h scheduler.h ../machine/interrupt.h ../threads/list.h ../machine/stats.h ../machine/timer.h ../threads/utility.h ../machine/consoledriver.h ../machine/console.h
# automatic
# | := 
# automatic
# < := main.cc
# automatic
# ^ := main.cc Makefile ../Makefile.common ../Makefile.dep copyright.h utility.h ../threads/bool.h ../machine/sysdep.h ../threads/copyright.h system.h thread.h list.h scheduler.h ../machine/interrupt.h ../threads/list.h ../machine/stats.h ../machine/timer.h ../threads/utility.h ../machine/consoledriver.h ../machine/console.h
# automatic
# ? := system.h
# variable set hash-table stats:
# Load=8/32=25%, Rehash=0, Collisions=5/19=26%
#  recipe to execute (from '../Makefile.common', line 109):
	$(CC) $(CFLAGS) -c $< -o $@

synchlist.o: synchlist.cc Makefile ../Makefile.common ../Makefile.dep synchlist.cc copyright.h synchlist.h list.h utility.h ../threads/bool.h ../machine/sysdep.h ../threads/copyright.h synch.h thread.h
#  Implicit rule search has not been done.
#  Implicit/static pattern stem: 'synchlist'
#  Modification time never checked.
#  File has not been updated.
#  recipe to execute (from '../Makefile.common', line 109):
	$(CC) $(CFLAGS) -c $< -o $@

# Not a target:
list.cc:
#  Implicit rule search has been done.
#  Last modified 2021-10-05 19:36:21.635074339
#  File has been updated.
#  Successfully updated.

# Not a target:
../machine/interrupt.h:
#  Implicit rule search has been done.
#  Last modified 2021-10-05 19:36:21.631074297
#  File has been updated.
#  Successfully updated.

# Not a target:
system.h:
#  Implicit rule search has been done.
#  Last modified 2021-10-15 14:20:18.784572858
#  File has been updated.
#  Successfully updated.

switch.o: ../threads/switch.S Makefile ../Makefile.common ../Makefile.dep switch.S copyright.h switch.h
#  Implicit rule search has not been done.
#  Modification time never checked.
#  File has not been updated.
#  recipe to execute (from '../Makefile.common', line 112):
	$(CPP) $(INCPATH) $(HOST) ../threads/switch.S > swtch.s
	$(AS) $(ASFLAGS) -o switch.o swtch.s
	rm swtch.s

.synchlist.d: synchlist.cc Makefile ../Makefile.common ../Makefile.dep synchlist.cc copyright.h synchlist.h list.h utility.h ../threads/bool.h ../machine/sysdep.h ../threads/copyright.h synch.h thread.h
#  Implicit rule search has not been done.
#  Implicit/static pattern stem: 'synchlist'
#  Last modified 2021-10-15 14:20:39.93274609
#  File has been updated.
#  Successfully updated.
#  recipe to execute (from '../Makefile.common', line 127):
	$(CC) $(CFLAGS) -MM $< | \
 
		sed -e 's|\(.*\)\.o:|.\1.d \1.o:|g' > $@

timer.o: timer.cc Makefile ../Makefile.common ../Makefile.dep ../machine/timer.cc ../threads/copyright.h ../machine/timer.h ../threads/utility.h ../threads/copyright.h ../threads/bool.h ../machine/sysdep.h ../threads/system.h ../threads/utility.h ../threads/thread.h ../threads/list.h ../threads/scheduler.h ../machine/interrupt.h ../threads/list.h ../machine/stats.h ../machine/timer.h ../machine/consoledriver.h ../machine/console.h
#  Implicit rule search has not been done.
#  Implicit/static pattern stem: 'timer'
#  Modification time never checked.
#  File has not been updated.
#  recipe to execute (from '../Makefile.common', line 109):
	$(CC) $(CFLAGS) -c $< -o $@

# Not a target:
thread.cc:
#  Implicit rule search has been done.
#  Last modified 2021-10-05 19:36:21.63907438
#  File has been updated.
#  Successfully updated.

# Not a target:
../machine/timer.cc:
#  Implicit rule search has been done.
#  Last modified 2021-10-05 19:36:21.631074297
#  File has been updated.
#  Successfully updated.

# Not a target:
main.cc:
#  Implicit rule search has been done.
#  Last modified 2021-10-05 19:36:21.635074339
#  File has been updated.
#  Successfully updated.

# Not a target:
synchlist.cc:
#  Implicit rule search has been done.
#  Last modified 2021-10-05 19:36:21.63907438
#  File has been updated.
#  Successfully updated.

# Not a target:
scheduler.h:
#  Implicit rule search has been done.
#  Last modified 2021-10-05 19:36:21.635074339
#  File has been updated.
#  Successfully updated.

# Not a target:
../machine/consoledriver.h:
#  Implicit rule search has been done.
#  Last modified 2021-10-06 16:58:36.263049758
#  File has been updated.
#  Successfully updated.

system.o: system.cc Makefile ../Makefile.common ../Makefile.dep system.cc copyright.h system.h utility.h ../threads/bool.h ../machine/sysdep.h ../threads/copyright.h thread.h list.h scheduler.h ../machine/interrupt.h ../threads/list.h ../machine/stats.h ../machine/timer.h ../threads/utility.h ../machine/consoledriver.h ../machine/console.h
#  Implicit rule search has not been done.
#  Implicit/static pattern stem: 'system'
#  Modification time never checked.
#  File has not been updated.
#  recipe to execute (from '../Makefile.common', line 109):
	$(CC) $(CFLAGS) -c $< -o $@

# Not a target:
../threads/bool.h:
#  Implicit rule search has been done.
#  Last modified 2021-10-05 19:36:21.635074339
#  File has been updated.
#  Successfully updated.

.threadtest.d: threadtest.cc Makefile ../Makefile.common ../Makefile.dep threadtest.cc copyright.h system.h utility.h ../threads/bool.h ../machine/sysdep.h ../threads/copyright.h thread.h list.h scheduler.h ../machine/interrupt.h ../threads/list.h ../machine/stats.h ../machine/timer.h ../threads/utility.h ../machine/consoledriver.h ../machine/console.h
#  Implicit rule search has not been done.
#  Implicit/static pattern stem: 'threadtest'
#  Last modified 2021-10-15 14:20:39.820745173
#  File has been updated.
#  Successfully updated.
#  recipe to execute (from '../Makefile.common', line 127):
	$(CC) $(CFLAGS) -MM $< | \
		sed -e 's|\(.*\)\.o:|.\1.d \1.o:|g' > $@

# files hash-table stats:
# Load=77/1024=8%, Rehash=0, Collisions=19/463=4%
# VPATH Search Paths

vpath %.cc ../machine:../threads:../userprog:../filesys:../network:../vm:..
vpath %.S ../machine:../threads:../userprog:../filesys:../network:../vm:..

# 2 'vpath' search paths.

# No general ('VPATH' variable) search path.

# strcache buffers: 1 (0) / strings = 111 / storage = 1258 B / avg = 11 B
# current buf: size = 8162 B / used = 1258 B / count = 111 / avg = 11 B

# strcache performance: lookups = 602 / hit rate = 81%
# hash-table stats:
# Load=111/8192=1%, Rehash=0, Collisions=4/602=1%
# Finished Make data base on Fri Oct 15 14:20:42 2021

# make[1]: Leaving directory '/home/wissam/Documents/projetNachos/code/threads'
 
# GNU Make 4.2.1
# Built for x86_64-pc-linux-gnu
# Copyright (C) 1988-2016 Free Software Foundation, Inc.
# License GPLv3+: GNU GPL version 3 or later <http://gnu.org/licenses/gpl.html>
# This is free software: you are free to change and redistribute it.
# There is NO WARRANTY, to the extent permitted by law.

# Make data base, printed on Fri Oct 15 14:20:42 2021

# Variables

# 'override' directive
GNUMAKEFLAGS := 
# automatic
<D = $(patsubst %/,%,$(dir $<))
# automatic
?F = $(notdir $?)
# makefile (from 'Makefile', line 9)
DIRS := threads userprog 
# environment
DESKTOP_SESSION = ubuntu
# default
.SHELLFLAGS := -c
# environment
XDG_SESSION_CLASS = user
# environment
SNAP_COMMON = /var/snap/code/common
# environment
XDG_SESSION_TYPE = x11
# environment
VSCODE_LOG_NATIVE = false
# automatic
?D = $(patsubst %/,%,$(dir $?))
# environment
IM_CONFIG_PHASE = 1
# environment
PLATFORMIO_IDE = 2.3.3
# automatic
@D = $(patsubst %/,%,$(dir $@))
# environment
XAUTHORITY = /run/user/1000/gdm/Xauthority
# environment
GDMSESSION = ubuntu
# environment
XMODIFIERS = @im=ibus
# makefile (from 'Makefile', line 51)
DIRS_INDENT := threads userprog test
# makefile
CURDIR := /home/wissam/Documents/projetNachos/code
# makefile
SHELL = /bin/sh
# environment
SNAP_DATA = /var/snap/code/77
# environment
VSCODE_NLS_CONFIG = {"locale":"fr","availableLanguages":{"*":"fr"},"_languagePackId":"726f0529a8f06dbc748431c91e26ad5e.fr","_translationsConfigFile":"/home/wissam/.config/Code/clp/726f0529a8f06dbc748431c91e26ad5e.fr/tcf.json","_cacheRoot":"/home/wissam/.config/Code/clp/726f0529a8f06dbc748431c91e26ad5e.fr","_resolvedLanguagePackCoreLocation":"/home/wissam/.config/Code/clp/726f0529a8f06dbc748431c91e26ad5e.fr/c13f1abb110fc756f9b3a6f16670df9cd9d4cf63","_corruptedFile":"/home/wissam/.config/Code/clp/726f0529a8f06dbc748431c91e26ad5e.fr/corrupted.info","_languagePackSupport":true}
# environment
JOURNAL_STREAM = 8:47463
# environment
XDG_CONFIG_DIRS = /etc/xdg/xdg-ubuntu:/etc/xdg
# environment
SNAP_INSTANCE_NAME = code
# environment
SNAP_ARCH = amd64
# makefile (from 'Makefile', line 1)
MAKEFILE_LIST :=  Makefile
# automatic
@F = $(notdir $@)
# environment
GIO_LAUNCHED_DESKTOP_FILE = /var/lib/snapd/desktop/applications/code_code.desktop
# environment
QT_IM_MODULE = ibus
# environment
USERNAME = wissam
# environment
XDG_DATA_DIRS = /usr/share/ubuntu:/home/wissam/.local/share/flatpak/exports/share:/var/lib/flatpak/exports/share:/usr/local/share/:/usr/share/:/var/lib/snapd/desktop
# makefile (from 'Makefile', line 50)
INDENT := indent --indent-level4
# environment
DBUS_SESSION_BUS_ADDRESS = unix:path=/run/user/1000/bus
# environment
VSCODE_VERBOSE_LOGGING = true
# environment
_ = /snap/code/77/usr/share/code/code
# environment
MANAGERPID = 1334
# environment
LESSOPEN = | /usr/bin/lesspipe %s
# environment
VSCODE_CWD = /home/wissam
# environment
GSETTINGS_SCHEMA_DIR = /snap/code/77/usr/share/glib-2.0/schemas
# default
MAKE_HOST := x86_64-pc-linux-gnu
# environment
NO_PROXY = 127.0.0.1
# environment
GPG_AGENT_INFO = /run/user/1000/gnupg/S.gpg-agent:0:1
# environment
SESSION_MANAGER = local/wissam-VivoBook-ASUSLaptop-X512FAC-X512FA:@/tmp/.ICE-unix/1573,unix/wissam-VivoBook-ASUSLaptop-X512FAC-X512FA:/tmp/.ICE-unix/1573
# environment
XDG_RUNTIME_DIR = /run/user/1000
# environment
GDK_PIXBUF_MODULE_FILE = /home/wissam/snap/code/common/.cache/gdk-pixbuf-loaders.cache
# environment
SNAP = /snap/code/77
# environment
SNAP_VERSION = c13f1abb
# environment
XDG_MENU_PREFIX = gnome-
# environment
VSCODE_LOG_STACK = false
# environment
DISABLE_WAYLAND = 1
# environment
VSCODE_CRASH_REPORTER_START_OPTIONS = {"companyName":"Microsoft","productName":"VSCode","submitURL":"appcenter://code?aid=fba07a4d-84bd-4fc8-a125-9640fc8ce171&uid=f0bfaa38-c1a6-4dca-9363-94313c87cba5&iid=f0bfaa38-c1a6-4dca-9363-94313c87cba5&sid=f0bfaa38-c1a6-4dca-9363-94313c87cba5","uploadToServer":true}
# environment
INVOCATION_ID = f054229f060a4263aa8db70cb569e163
# environment
GDK_PIXBUF_MODULEDIR = /snap/code/77/usr/lib/x86_64-linux-gnu/gdk-pixbuf-2.0/2.10.0/loaders
# default
.FEATURES := target-specific order-only second-expansion else-if shortest-stem undefine oneshell archives jobserver output-sync check-symlink load
# environment
LS_COLORS = 
# environment
XDG_SESSION_DESKTOP = ubuntu
# environment
SSH_AUTH_SOCK = /run/user/1000/keyring/ssh
# environment
GIO_LAUNCHED_DESKTOP_FILE_PID = 100675
# automatic
%F = $(notdir $%)
# environment
DISPLAY = :0
# environment
VSCODE_PIPE_LOGGING = true
# environment
SNAP_INSTANCE_KEY = 
# environment
PWD = /home/wissam/Documents/projetNachos/code
# default
.LOADED := 
# environment
SSH_AGENT_PID = 1530
# environment
ORIGINAL_XDG_CURRENT_DESKTOP = ubuntu:GNOME
# environment
GTK_MODULES = gail:atk-bridge
# makefile (from 'Makefile', line 36)
LPR := enscript --columns=2  --borders -r --landscape --media=A4 --verbose --pretty-print --toc 
# environment
VSCODE_AMD_ENTRYPOINT = vs/workbench/services/extensions/node/extensionHostProcess
# environment
HOME = /home/wissam
# environment
LESSCLOSE = /usr/bin/lesspipe %s %s
# environment
VSCODE_CLI = 1
# environment
VSCODE_CODE_CACHE_PATH = /home/wissam/.config/Code/CachedData/c13f1abb110fc756f9b3a6f16670df9cd9d4cf63
# environment
LOGNAME = wissam
# environment
APPLICATION_INSIGHTS_NO_DIAGNOSTIC_CHANNEL = true
# environment
SNAP_LIBRARY_PATH = /var/lib/snapd/lib/gl:/var/lib/snapd/lib/gl32:/var/lib/snapd/void
# environment
SNAP_CONTEXT = qzrpTfTg-7wJinGajkLNYECfXx3VQ7nPu7NEIpgfCbsk0gNzlKGa
# environment
ELECTRON_NO_ATTACH_CONSOLE = 1
# environment
SNAP_USER_COMMON = /home/wissam/snap/code/common
# environment
VSCODE_HANDLES_UNCAUGHT_ERRORS = true
# environment
GNOME_DESKTOP_SESSION_ID = this-is-deprecated
# automatic
^D = $(patsubst %/,%,$(dir $^))
# environment
MAKELEVEL := 0
# environment
SNAP_REAL_HOME = /home/wissam
# environment
PLATFORMIO_PATH = /home/wissam/.platformio/penv/bin:/home/wissam/.platformio/penv:/home/wissam/.platformio/python3/bin:/home/wissam/.local/bin:/home/wissam/.local/bin:/usr/local/sbin:/usr/local/bin:/usr/sbin:/usr/bin:/sbin:/bin:/usr/games:/usr/local/games:/snap/bin
# makefile (from 'Makefile', line 5)
MAKE := make
# default
MAKECMDGOALS := all
# environment
PATH = /home/wissam/.local/bin:/home/wissam/.local/bin:/usr/local/sbin:/usr/local/bin:/usr/sbin:/usr/bin:/sbin:/bin:/usr/games:/usr/local/games:/snap/bin
# environment
SNAP_USER_DATA = /home/wissam/snap/code/77
# environment
SHLVL = 0
 
# environment
GNOME_SHELL_SESSION_MODE = ubuntu
# environment
VSCODE_IPC_HOOK_EXTHOST = /run/user/1000/vscode-ipc-5374298f-99cd-4407-bb73-e3071cb685b0.sock
# default
MAKE_VERSION := 4.2.1
# environment
USER = wissam
# environment
SNAP_REVISION = 77
# makefile
.DEFAULT_GOAL := all
# environment
XDG_CURRENT_DESKTOP = Unity
# automatic
%D = $(patsubst %/,%,$(dir $%))
# default
MAKE_COMMAND := make
# default
.VARIABLES := 
# automatic
*F = $(notdir $*)
# environment
VSCODE_IPC_HOOK = /run/user/1000/vscode-8b6dde90-1.61.1-main.sock
# environment
BAMF_DESKTOP_FILE_HINT = /var/lib/snapd/desktop/applications/code_code.desktop
# makefile
MAKEFLAGS = pqrR
# environment
MFLAGS = -pqrR
 
# automatic
*D = $(patsubst %/,%,$(dir $*))
# environment
BREAKPAD_DUMP_LOCATION = /home/wissam/.config/Code/exthost Crash Reports
# automatic
+D = $(patsubst %/,%,$(dir $+))
# environment
 
GDK_BACKEND = x11
# automatic
+F = $(notdir $+)
# environment
QT_ACCESSIBILITY = 1
# default
MAKEFILES := 
# environment
SNAP_COOKIE = qzrpTfTg-7wJinGajkLNYECfXx3VQ7nPu7NEIpgfCbsk0gNzlKGa
# automatic
<F = $(notdir $<)
# environment
PLATFORMIO_CALLER = vscode
# environment
ELECTRON_RUN_AS_NODE = 1
# environment
SNAP_NAME = code
# environment
LC_ALL = C
# environment
GJS_DEBUG_TOPICS = JS ERROR;JS LOG
# automatic
^F = $(notdir $^)
# default
SUFFIXES := 
# environment
SNAP_REEXEC = 
# environment
CHROME_DESKTOP = code-url-handler.desktop
# environment
WINDOWPATH = 2
# default
.INCLUDE_DIRS = /usr/include /usr/local/include /usr/include
# environment
GJS_DEBUG_OUTPUT = stderr
# default
.RECIPEPREFIX := 
# environment
LANG = C
# environment
VSCODE_PID = 100722
# variable set hash-table stats:
# Load=130/1024=13%, Rehash=0, Collisions=22/162=14%

# Pattern-specific Variable Values

# No pattern-specific variable values.

# Directories

# . (device 66309, inode 549836): 37 files, no impossibilities.

# 37 files, no impossibilities in 1 directories.

# Implicit Rules

# No implicit rules.

# Files

all:
#  Phony target (prerequisite of .PHONY).
#  Command line target.
#  Implicit rule search has not been done.
#  Implicit/static pattern stem: ''
#  File does not exist.
#  File has been updated.
#  Needs to be updated (-q is set).
# automatic
 
# @ := all
# automatic
# % := 
# automatic
# * := 
# automatic
# + := 
# automatic
# | := 
# automatic
# < := 
# automatic
# ^ := 
# automatic
# ? := 
# variable set hash-table stats:
# Load=8/32=25%, Rehash=0, Collisions=3/14=21%
#  recipe to execute (from 'Makefile', line 15):
	@set -e; \
	for i in $(DIRS); do \
		$(MAKE) -C $$i nachos; \
	done ; \
	for i in bin test; do \
		$(MAKE) -C $$i all; \
	done

.PHONY: all clean depend print
#  Implicit rule search has not been done.
#  Modification time never checked.
#  File has not been updated.

# Not a target:
.SUFFIXES:
#  Implicit rule search has not been done.
#  Modification time never checked.
#  File has not been updated.

print:
#  Phony target (prerequisite of .PHONY).
#  Implicit rule search has not been done.
#  File does not exist.
#  File has not been updated.
#  recipe to execute (from 'Makefile', line 40):
	-for dir in machine threads userprog filesys network vm test; \
	do \
		ls -f \
		$$dir/Makefile* \
		$${dir}/*.h \
		$${dir}/*.cc $${dir}/*.S \
		$${dir}/*.c; \
 
	done > list
 
	$(LPR) `cat list` 

# Not a target:
Makefile:
#  Implicit rule search has been done.
 
#  Last modified 2021-10-05 19:36:21.627074256
#  File has been updated.
#  Successfully updated.

depend:
#  Phony target (prerequisite of .PHONY).
#  Implicit rule search has not been done.
#  File does not exist.
#  File has not been updated.
#  recipe to execute (from 'Makefile', line 30):
	@set -e; \
	for i in $(DIRS); do \
		$(MAKE) -C $$i $@; \
	done

# Not a target:
.DEFAULT:
#  Implicit rule search has not been done.
#  Modification time never checked.
#  File has not been updated.

indent:
#  Implicit rule search has not been done.
#  Modification time never checked.
#  File has not been updated.
#  recipe to execute (from 'Makefile', line 54):
	-for dir in machine $(DIRS_INDENT) test; do \
		ls -f \
		$${dir}/*.h \
		$${dir}/*.cc \
		$${dir}/*.c; \
	done > list
	for file in `cat list`; do \
		echo $${file}; $(INDENT) $${file}; \
	done

clean:
#  Phony target (prerequisite of .PHONY).
#  Implicit rule search has not been done.
#  File does not exist.
#  File has not been updated.
#  recipe to execute (from 'Makefile', line 24):
	@set -e; \
	for i in $(DIRS) bin test; do \
		$(MAKE) -C $$i $@; \
	done

# files hash-table stats:
# Load=9/1024=1%, Rehash=0, Collisions=0/29=0%
# VPATH Search Paths

# No 'vpath' search paths.

# No general ('VPATH' variable) search path.

# strcache buffers: 1 (0) / strings = 47 / storage = 450 B / avg = 9 B
# current buf: size = 8162 B / used = 450 B / count = 47 / avg = 9 B

# strcache performance: lookups = 63 / hit rate = 25%
# hash-table stats:
# Load=47/8192=1%, Rehash=0, Collisions=2/63=3%
# Finished Make data base on Fri Oct 15 14:20:42 2021

 
